windowdemo/build/intermediates/manifest_merge_blame_file/debug/manifest-merger-blame-debug-report.txt
1<?xml version="1.0" encoding="utf-8"?>
2<manifest xmlns:android="http://schemas.android.com/apk/res/android"
3    package="com.example.dialogdemo"
4    android:versionCode="1"
5    android:versionName="1.0" >
6
7    <uses-sdk
8        android:minSdkVersion="21"
8-->src/main/AndroidManifest.xml
9        android:targetSdkVersion="31" />
9-->src/main/AndroidManifest.xml
10
11    <uses-permission android:name="android.permission.SYSTEM_ALERT_WINDOW" />
11-->src/main/AndroidManifest.xml:5:5-78
11-->src/main/AndroidManifest.xml:5:22-75
12    <uses-permission android:name="android.permission.SYSTEM_OVERLAY_WINDOW" />
12-->src/main/AndroidManifest.xml:6:5-80
12-->src/main/AndroidManifest.xml:6:22-77
13
14    <application
14-->src/main/AndroidManifest.xml:8:5-56:19
15        android:allowBackup="true"
15-->src/main/AndroidManifest.xml:9:9-35
16        android:appComponentFactory="androidx.core.app.CoreComponentFactory"
16-->[androidx.core:core:1.5.0] AndroidManifest.xml:24:18-86
17        android:debuggable="true"
18        android:icon="@mipmap/ic_launcher"
18-->src/main/AndroidManifest.xml:10:9-43
19        android:label="@string/app_name"
19-->src/main/AndroidManifest.xml:11:9-41
20        android:roundIcon="@mipmap/ic_launcher_round"
20-->src/main/AndroidManifest.xml:12:9-54
21        android:supportsRtl="true"
21-->src/main/AndroidManifest.xml:13:9-35
22        android:testOnly="true"
23        android:theme="@style/Theme.MyApplication" >
23-->src/main/AndroidManifest.xml:14:9-51
24        <activity
24-->src/main/AndroidManifest.xml:15:9-23:20
25            android:name="com.example.dialogdemo.SoftWindowDemoActivity"
25-->src/main/AndroidManifest.xml:16:13-51
26            android:exported="true" >
26-->src/main/AndroidManifest.xml:17:13-36
27            <intent-filter>
27-->src/main/AndroidManifest.xml:18:13-22:29
28                <action android:name="android.intent.action.MAIN" />
28-->src/main/AndroidManifest.xml:19:17-69
28-->src/main/AndroidManifest.xml:19:25-66
29
30                <category android:name="android.intent.category.LAUNCHER" />
30-->src/main/AndroidManifest.xml:21:17-77
30-->src/main/AndroidManifest.xml:21:27-74
31            </intent-filter>
32        </activity>
33        <activity
33-->src/main/AndroidManifest.xml:24:9-26:48
34            android:name="com.example.dialogdemo.ImmersiveDemoActivity"
34-->src/main/AndroidManifest.xml:25:13-50
35            android:exported="true" />
35-->src/main/AndroidManifest.xml:26:13-36
36        <activity
36-->src/main/AndroidManifest.xml:27:9-30:66
37            android:name="com.example.dialogdemo.with_screen.SplashScreenActivity"
37-->src/main/AndroidManifest.xml:28:13-61
38            android:exported="true"
38-->src/main/AndroidManifest.xml:29:13-36
39            android:theme="@style/Theme.App.Starting" />
39-->src/main/AndroidManifest.xml:30:13-54
40        <activity
40-->src/main/AndroidManifest.xml:31:9-33:39
41            android:name="com.example.dialogdemo.with_screen.WhiteScreenDisablePreviewActivity"
41-->src/main/AndroidManifest.xml:32:13-74
42            android:exported="true" />
42-->src/main/AndroidManifest.xml:33:13-36
43        <activity
43-->src/main/AndroidManifest.xml:34:9-37:50
44            android:name="com.example.dialogdemo.with_screen.WhiteScreenWindowBackgroundMainActivity"
44-->src/main/AndroidManifest.xml:35:13-80
45            android:exported="true"
45-->src/main/AndroidManifest.xml:36:13-36
46            android:theme="@style/SplashTheme" />
46-->src/main/AndroidManifest.xml:37:13-47
47        <activity
47-->src/main/AndroidManifest.xml:38:9-40:48
48            android:name="com.example.dialogdemo.WindowManagerDemoActivity"
48-->src/main/AndroidManifest.xml:39:13-54
49            android:exported="true" />
49-->src/main/AndroidManifest.xml:40:13-36
50        <activity
50-->src/main/AndroidManifest.xml:41:9-43:39
51            android:name="com.example.dialogdemo.DialogWindowActivity"
51-->src/main/AndroidManifest.xml:42:13-49
52            android:exported="true" />
52-->src/main/AndroidManifest.xml:43:13-36
53        <activity
53-->src/main/AndroidManifest.xml:44:9-46:39
54            android:name="com.example.dialogdemo.SecondActivity"
54-->src/main/AndroidManifest.xml:45:13-43
55            android:exported="true" />
55-->src/main/AndroidManifest.xml:46:13-36
56        <activity
56-->src/main/AndroidManifest.xml:47:9-55:20
57            android:name="com.example.dialogdemo.MainActivity"
57-->src/main/AndroidManifest.xml:48:13-41
58            android:exported="true" >
58-->src/main/AndroidManifest.xml:49:13-36
59            <intent-filter>
59-->src/main/AndroidManifest.xml:18:13-22:29
60                <action android:name="android.intent.action.MAIN" />
60-->src/main/AndroidManifest.xml:19:17-69
60-->src/main/AndroidManifest.xml:19:25-66
61
62                <category android:name="android.intent.category.LAUNCHER" />
62-->src/main/AndroidManifest.xml:21:17-77
62-->src/main/AndroidManifest.xml:21:27-74
63            </intent-filter>
64        </activity>
65    </application>
66
67</manifest>